<?xml version="1.0" encoding="UTF-8"?>
<testsuite name="CardOrderTest" tests="1" skipped="0" failures="0" errors="0" timestamp="2024-03-27T19:36:43" hostname="DESKTOP-VV3K82S" time="6.334">
  <properties/>
  <testcase name="test2()" classname="CardOrderTest" time="6.334"/>
  <system-out><![CDATA[]]></system-out>
  <system-err><![CDATA[SLF4J(W): No SLF4J providers were found.
SLF4J(W): Defaulting to no-operation (NOP) logger implementation
SLF4J(W): See https://www.slf4j.org/codes.html#noProviders for further details.
мар. 28, 2024 12:36:46 AM org.openqa.selenium.devtools.CdpVersionFinder findNearestMatch
WARNING: Unable to find an exact match for CDP version 123, returning the closest version; found: 122; Please update to a Selenium version that supports CDP version 123
]]></system-err>
</testsuite>
